# JRE version: Java(TM) SE Runtime Environment (8.0_91-b15) (build 1.8.0_91-b15)
# Java VM: Java HotSpot(TM) 64-Bit Server VM (25.91-b15 mixed mode windows-amd64 compressed oops)
Heap:
 PSYoungGen      total 233984K, used 38306K [0x00000000eab00000, 0x00000000fac80000, 0x0000000100000000)
  eden space 216576K, 14% used [0x00000000eab00000,0x00000000ec8c8f00,0x00000000f7e80000)
  from space 17408K, 44% used [0x00000000f9b80000,0x00000000fa31fc50,0x00000000fac80000)
  to   space 23552K, 0% used [0x00000000f7e80000,0x00000000f7e80000,0x00000000f9580000)
 ParOldGen       total 82944K, used 39398K [0x00000000c0000000, 0x00000000c5100000, 0x00000000eab00000)
  object space 82944K, 47% used [0x00000000c0000000,0x00000000c2679888,0x00000000c5100000)
 Metaspace       used 56365K, capacity 58144K, committed 58368K, reserved 1099776K
  class space    used 7510K, capacity 7886K, committed 7936K, reserved 1048576K
GC Heap History (10 events):
Event: 21.434 GC heap before
{Heap before GC invocations=15 (full 2):
 PSYoungGen      total 162304K, used 162292K [0x00000000eab00000, 0x00000000f6680000, 0x0000000100000000)
  eden space 146432K, 100% used [0x00000000eab00000,0x00000000f3a00000,0x00000000f3a00000)
  from space 15872K, 99% used [0x00000000f4e00000,0x00000000f5d7d040,0x00000000f5d80000)
  to   space 20480K, 0% used [0x00000000f3a00000,0x00000000f3a00000,0x00000000f4e00000)
 ParOldGen       total 82944K, used 29908K [0x00000000c0000000, 0x00000000c5100000, 0x00000000eab00000)
  object space 82944K, 36% used [0x00000000c0000000,0x00000000c1d35298,0x00000000c5100000)
 Metaspace       used 52104K, capacity 53194K, committed 53376K, reserved 1095680K
  class space    used 7115K, capacity 7458K, committed 7552K, reserved 1048576K
Event: 21.470 GC heap after
Heap after GC invocations=15 (full 2):
 PSYoungGen      total 166912K, used 20450K [0x00000000eab00000, 0x00000000f8e00000, 0x0000000100000000)
  eden space 146432K, 0% used [0x00000000eab00000,0x00000000eab00000,0x00000000f3a00000)
  from space 20480K, 99% used [0x00000000f3a00000,0x00000000f4df8ae8,0x00000000f4e00000)
  to   space 24576K, 0% used [0x00000000f7600000,0x00000000f7600000,0x00000000f8e00000)
 ParOldGen       total 82944K, used 33240K [0x00000000c0000000, 0x00000000c5100000, 0x00000000eab00000)
  object space 82944K, 40% used [0x00000000c0000000,0x00000000c2076188,0x00000000c5100000)
 Metaspace       used 52104K, capacity 53194K, committed 53376K, reserved 1095680K
  class space    used 7115K, capacity 7458K, committed 7552K, reserved 1048576K
}
Event: 22.904 GC heap before
{Heap before GC invocations=16 (full 2):
 PSYoungGen      total 166912K, used 77450K [0x00000000eab00000, 0x00000000f8e00000, 0x0000000100000000)
  eden space 146432K, 38% used [0x00000000eab00000,0x00000000ee2a9d40,0x00000000f3a00000)
  from space 20480K, 99% used [0x00000000f3a00000,0x00000000f4df8ae8,0x00000000f4e00000)
  to   space 24576K, 0% used [0x00000000f7600000,0x00000000f7600000,0x00000000f8e00000)
 ParOldGen       total 82944K, used 33240K [0x00000000c0000000, 0x00000000c5100000, 0x00000000eab00000)
  object space 82944K, 40% used [0x00000000c0000000,0x00000000c2076188,0x00000000c5100000)
 Metaspace       used 54348K, capacity 55558K, committed 55808K, reserved 1097728K
  class space    used 7335K, capacity 7660K, committed 7680K, reserved 1048576K
Event: 22.938 GC heap after
Heap after GC invocations=16 (full 2):
 PSYoungGen      total 207872K, used 14783K [0x00000000eab00000, 0x00000000f8e00000, 0x0000000100000000)
  eden space 183296K, 0% used [0x00000000eab00000,0x00000000eab00000,0x00000000f5e00000)
  from space 24576K, 60% used [0x00000000f7600000,0x00000000f846fd70,0x00000000f8e00000)
  to   space 24576K, 0% used [0x00000000f5e00000,0x00000000f5e00000,0x00000000f7600000)
 ParOldGen       total 82944K, used 42853K [0x00000000c0000000, 0x00000000c5100000, 0x00000000eab00000)
  object space 82944K, 51% used [0x00000000c0000000,0x00000000c29d97d8,0x00000000c5100000)
 Metaspace       used 54348K, capacity 55558K, committed 55808K, reserved 1097728K
  class space    used 7335K, capacity 7660K, committed 7680K, reserved 1048576K
}
Event: 22.938 GC heap before
{Heap before GC invocations=17 (full 3):
 PSYoungGen      total 207872K, used 14783K [0x00000000eab00000, 0x00000000f8e00000, 0x0000000100000000)
  eden space 183296K, 0% used [0x00000000eab00000,0x00000000eab00000,0x00000000f5e00000)
  from space 24576K, 60% used [0x00000000f7600000,0x00000000f846fd70,0x00000000f8e00000)
  to   space 24576K, 0% used [0x00000000f5e00000,0x00000000f5e00000,0x00000000f7600000)
 ParOldGen       total 82944K, used 42853K [0x00000000c0000000, 0x00000000c5100000, 0x00000000eab00000)
  object space 82944K, 51% used [0x00000000c0000000,0x00000000c29d97d8,0x00000000c5100000)
 Metaspace       used 54348K, capacity 55558K, committed 55808K, reserved 1097728K
  class space    used 7335K, capacity 7660K, committed 7680K, reserved 1048576K
Event: 23.943 GC heap after
Heap after GC invocations=17 (full 3):
 PSYoungGen      total 207872K, used 0K [0x00000000eab00000, 0x00000000f8e00000, 0x0000000100000000)
  eden space 183296K, 0% used [0x00000000eab00000,0x00000000eab00000,0x00000000f5e00000)
  from space 24576K, 0% used [0x00000000f7600000,0x00000000f7600000,0x00000000f8e00000)
  to   space 24576K, 0% used [0x00000000f5e00000,0x00000000f5e00000,0x00000000f7600000)
 ParOldGen       total 82944K, used 39382K [0x00000000c0000000, 0x00000000c5100000, 0x00000000eab00000)
  object space 82944K, 47% used [0x00000000c0000000,0x00000000c2675888,0x00000000c5100000)
 Metaspace       used 54348K, capacity 55558K, committed 55808K, reserved 1097728K
  class space    used 7335K, capacity 7660K, committed 7680K, reserved 1048576K
}
Event: 145.631 GC heap before
{Heap before GC invocations=18 (full 3):
 PSYoungGen      total 207872K, used 183296K [0x00000000eab00000, 0x00000000f8e00000, 0x0000000100000000)
  eden space 183296K, 100% used [0x00000000eab00000,0x00000000f5e00000,0x00000000f5e00000)
  from space 24576K, 0% used [0x00000000f7600000,0x00000000f7600000,0x00000000f8e00000)
  to   space 24576K, 0% used [0x00000000f5e00000,0x00000000f5e00000,0x00000000f7600000)
 ParOldGen       total 82944K, used 39382K [0x00000000c0000000, 0x00000000c5100000, 0x00000000eab00000)
  object space 82944K, 47% used [0x00000000c0000000,0x00000000c2675888,0x00000000c5100000)
 Metaspace       used 55650K, capacity 57280K, committed 57600K, reserved 1099776K
  class space    used 7478K, capacity 7838K, committed 7936K, reserved 1048576K
Event: 145.643 GC heap after
Heap after GC invocations=18 (full 3):
 PSYoungGen      total 207872K, used 5376K [0x00000000eab00000, 0x00000000fb380000, 0x0000000100000000)
  eden space 183296K, 0% used [0x00000000eab00000,0x00000000eab00000,0x00000000f5e00000)
  from space 24576K, 21% used [0x00000000f5e00000,0x00000000f6340020,0x00000000f7600000)
  to   space 24576K, 0% used [0x00000000f9b80000,0x00000000f9b80000,0x00000000fb380000)
 ParOldGen       total 82944K, used 39390K [0x00000000c0000000, 0x00000000c5100000, 0x00000000eab00000)
  object space 82944K, 47% used [0x00000000c0000000,0x00000000c2677888,0x00000000c5100000)
 Metaspace       used 55650K, capacity 57280K, committed 57600K, reserved 1099776K
  class space    used 7478K, capacity 7838K, committed 7936K, reserved 1048576K
}
Event: 153.347 GC heap before
{Heap before GC invocations=19 (full 3):
 PSYoungGen      total 207872K, used 188672K [0x00000000eab00000, 0x00000000fb380000, 0x0000000100000000)
  eden space 183296K, 100% used [0x00000000eab00000,0x00000000f5e00000,0x00000000f5e00000)
  from space 24576K, 21% used [0x00000000f5e00000,0x00000000f6340020,0x00000000f7600000)
  to   space 24576K, 0% used [0x00000000f9b80000,0x00000000f9b80000,0x00000000fb380000)
 ParOldGen       total 82944K, used 39390K [0x00000000c0000000, 0x00000000c5100000, 0x00000000eab00000)
  object space 82944K, 47% used [0x00000000c0000000,0x00000000c2677888,0x00000000c5100000)
 Metaspace       used 56269K, capacity 58132K, committed 58368K, reserved 1099776K
  class space    used 7507K, capacity 7884K, committed 7936K, reserved 1048576K
Event: 153.365 GC heap after
Heap after GC invocations=19 (full 3):
 PSYoungGen      total 233984K, used 7807K [0x00000000eab00000, 0x00000000fac80000, 0x0000000100000000)
  eden space 216576K, 0% used [0x00000000eab00000,0x00000000eab00000,0x00000000f7e80000)
  from space 17408K, 44% used [0x00000000f9b80000,0x00000000fa31fc50,0x00000000fac80000)
  to   space 23552K, 0% used [0x00000000f7e80000,0x00000000f7e80000,0x00000000f9580000)
 ParOldGen       total 82944K, used 39398K [0x00000000c0000000, 0x00000000c5100000, 0x00000000eab00000)
  object space 82944K, 47% used [0x00000000c0000000,0x00000000c2679888,0x00000000c5100000)
 Metaspace       used 56269K, capacity 58132K, committed 58368K, reserved 1099776K
  class space    used 7507K, capacity 7884K, committed 7936K, reserved 1048576K
}

