# JRE version: Java(TM) SE Runtime Environment (8.0_91-b15) (build 1.8.0_91-b15)
# Java VM: Java HotSpot(TM) 64-Bit Server VM (25.91-b15 mixed mode windows-amd64 compressed oops)
Heap:
 PSYoungGen      total 276480K, used 86347K [0x00000000eab00000, 0x0000000100000000, 0x0000000100000000)
  eden space 251904K, 31% used [0x00000000eab00000,0x00000000ef88aca8,0x00000000fa100000)
  from space 24576K, 28% used [0x00000000fa100000,0x00000000fa7c8010,0x00000000fb900000)
  to   space 24064K, 0% used [0x00000000fe880000,0x00000000fe880000,0x0000000100000000)
 ParOldGen       total 80384K, used 34685K [0x00000000c0000000, 0x00000000c4e80000, 0x00000000eab00000)
  object space 80384K, 43% used [0x00000000c0000000,0x00000000c21df598,0x00000000c4e80000)
 Metaspace       used 55272K, capacity 56658K, committed 56960K, reserved 1097728K
  class space    used 7392K, capacity 7730K, committed 7808K, reserved 1048576K
GC Heap History (10 events):
Event: 19.527 GC heap before
{Heap before GC invocations=10 (full 2):
 PSYoungGen      total 156160K, used 142848K [0x00000000eab00000, 0x00000000f9a80000, 0x0000000100000000)
  eden space 142848K, 100% used [0x00000000eab00000,0x00000000f3680000,0x00000000f3680000)
  from space 13312K, 0% used [0x00000000f3680000,0x00000000f3680000,0x00000000f4380000)
  to   space 14848K, 0% used [0x00000000f8c00000,0x00000000f8c00000,0x00000000f9a80000)
 ParOldGen       total 80384K, used 19826K [0x00000000c0000000, 0x00000000c4e80000, 0x00000000eab00000)
  object space 80384K, 24% used [0x00000000c0000000,0x00000000c135ca20,0x00000000c4e80000)
 Metaspace       used 42039K, capacity 42854K, committed 43008K, reserved 1085440K
  class space    used 5811K, capacity 6024K, committed 6144K, reserved 1048576K
Event: 19.551 GC heap after
Heap after GC invocations=10 (full 2):
 PSYoungGen      total 220672K, used 14845K [0x00000000eab00000, 0x00000000f9a80000, 0x0000000100000000)
  eden space 205824K, 0% used [0x00000000eab00000,0x00000000eab00000,0x00000000f7400000)
  from space 14848K, 99% used [0x00000000f8c00000,0x00000000f9a7f520,0x00000000f9a80000)
  to   space 17408K, 0% used [0x00000000f7880000,0x00000000f7880000,0x00000000f8980000)
 ParOldGen       total 80384K, used 20309K [0x00000000c0000000, 0x00000000c4e80000, 0x00000000eab00000)
  object space 80384K, 25% used [0x00000000c0000000,0x00000000c13d5770,0x00000000c4e80000)
 Metaspace       used 42039K, capacity 42854K, committed 43008K, reserved 1085440K
  class space    used 5811K, capacity 6024K, committed 6144K, reserved 1048576K
}
Event: 32.081 GC heap before
{Heap before GC invocations=11 (full 2):
 PSYoungGen      total 220672K, used 220669K [0x00000000eab00000, 0x00000000f9a80000, 0x0000000100000000)
  eden space 205824K, 100% used [0x00000000eab00000,0x00000000f7400000,0x00000000f7400000)
  from space 14848K, 99% used [0x00000000f8c00000,0x00000000f9a7f520,0x00000000f9a80000)
  to   space 17408K, 0% used [0x00000000f7880000,0x00000000f7880000,0x00000000f8980000)
 ParOldGen       total 80384K, used 20309K [0x00000000c0000000, 0x00000000c4e80000, 0x00000000eab00000)
  object space 80384K, 25% used [0x00000000c0000000,0x00000000c13d5770,0x00000000c4e80000)
 Metaspace       used 46909K, capacity 47932K, committed 48000K, reserved 1091584K
  class space    used 6436K, capacity 6766K, committed 6784K, reserved 1048576K
Event: 32.116 GC heap after
Heap after GC invocations=11 (full 2):
 PSYoungGen      total 227840K, used 17386K [0x00000000eab00000, 0x00000000fcf00000, 0x0000000100000000)
  eden space 210432K, 0% used [0x00000000eab00000,0x00000000eab00000,0x00000000f7880000)
  from space 17408K, 99% used [0x00000000f7880000,0x00000000f897a8b8,0x00000000f8980000)
  to   space 22528K, 0% used [0x00000000fb900000,0x00000000fb900000,0x00000000fcf00000)
 ParOldGen       total 80384K, used 27515K [0x00000000c0000000, 0x00000000c4e80000, 0x00000000eab00000)
  object space 80384K, 34% used [0x00000000c0000000,0x00000000c1adef60,0x00000000c4e80000)
 Metaspace       used 46909K, capacity 47932K, committed 48000K, reserved 1091584K
  class space    used 6436K, capacity 6766K, committed 6784K, reserved 1048576K
}
Event: 35.125 GC heap before
{Heap before GC invocations=12 (full 2):
 PSYoungGen      total 227840K, used 127062K [0x00000000eab00000, 0x00000000fcf00000, 0x0000000100000000)
  eden space 210432K, 52% used [0x00000000eab00000,0x00000000f161af68,0x00000000f7880000)
  from space 17408K, 99% used [0x00000000f7880000,0x00000000f897a8b8,0x00000000f8980000)
  to   space 22528K, 0% used [0x00000000fb900000,0x00000000fb900000,0x00000000fcf00000)
 ParOldGen       total 80384K, used 27515K [0x00000000c0000000, 0x00000000c4e80000, 0x00000000eab00000)
  object space 80384K, 34% used [0x00000000c0000000,0x00000000c1adef60,0x00000000c4e80000)
 Metaspace       used 48081K, capacity 49096K, committed 49152K, reserved 1091584K
  class space    used 6588K, capacity 6896K, committed 6912K, reserved 1048576K
Event: 35.151 GC heap after
Heap after GC invocations=12 (full 2):
 PSYoungGen      total 274432K, used 18585K [0x00000000eab00000, 0x00000000fd300000, 0x0000000100000000)
  eden space 251904K, 0% used [0x00000000eab00000,0x00000000eab00000,0x00000000fa100000)
  from space 22528K, 82% used [0x00000000fb900000,0x00000000fcb26700,0x00000000fcf00000)
  to   space 24576K, 0% used [0x00000000fa100000,0x00000000fa100000,0x00000000fb900000)
 ParOldGen       total 80384K, used 27523K [0x00000000c0000000, 0x00000000c4e80000, 0x00000000eab00000)
  object space 80384K, 34% used [0x00000000c0000000,0x00000000c1ae0f60,0x00000000c4e80000)
 Metaspace       used 48081K, capacity 49096K, committed 49152K, reserved 1091584K
  class space    used 6588K, capacity 6896K, committed 6912K, reserved 1048576K
}
Event: 35.151 GC heap before
{Heap before GC invocations=13 (full 3):
 PSYoungGen      total 274432K, used 18585K [0x00000000eab00000, 0x00000000fd300000, 0x0000000100000000)
  eden space 251904K, 0% used [0x00000000eab00000,0x00000000eab00000,0x00000000fa100000)
  from space 22528K, 82% used [0x00000000fb900000,0x00000000fcb26700,0x00000000fcf00000)
  to   space 24576K, 0% used [0x00000000fa100000,0x00000000fa100000,0x00000000fb900000)
 ParOldGen       total 80384K, used 27523K [0x00000000c0000000, 0x00000000c4e80000, 0x00000000eab00000)
  object space 80384K, 34% used [0x00000000c0000000,0x00000000c1ae0f60,0x00000000c4e80000)
 Metaspace       used 48081K, capacity 49096K, committed 49152K, reserved 1091584K
  class space    used 6588K, capacity 6896K, committed 6912K, reserved 1048576K
Event: 35.578 GC heap after
Heap after GC invocations=13 (full 3):
 PSYoungGen      total 274432K, used 0K [0x00000000eab00000, 0x00000000fd300000, 0x0000000100000000)
  eden space 251904K, 0% used [0x00000000eab00000,0x00000000eab00000,0x00000000fa100000)
  from space 22528K, 0% used [0x00000000fb900000,0x00000000fb900000,0x00000000fcf00000)
  to   space 24576K, 0% used [0x00000000fa100000,0x00000000fa100000,0x00000000fb900000)
 ParOldGen       total 80384K, used 34677K [0x00000000c0000000, 0x00000000c4e80000, 0x00000000eab00000)
  object space 80384K, 43% used [0x00000000c0000000,0x00000000c21dd598,0x00000000c4e80000)
 Metaspace       used 48081K, capacity 49096K, committed 49152K, reserved 1091584K
  class space    used 6588K, capacity 6896K, committed 6912K, reserved 1048576K
}
Event: 88.042 GC heap before
{Heap before GC invocations=14 (full 3):
 PSYoungGen      total 274432K, used 251904K [0x00000000eab00000, 0x00000000fd300000, 0x0000000100000000)
  eden space 251904K, 100% used [0x00000000eab00000,0x00000000fa100000,0x00000000fa100000)
  from space 22528K, 0% used [0x00000000fb900000,0x00000000fb900000,0x00000000fcf00000)
  to   space 24576K, 0% used [0x00000000fa100000,0x00000000fa100000,0x00000000fb900000)
 ParOldGen       total 80384K, used 34677K [0x00000000c0000000, 0x00000000c4e80000, 0x00000000eab00000)
  object space 80384K, 43% used [0x00000000c0000000,0x00000000c21dd598,0x00000000c4e80000)
 Metaspace       used 50713K, capacity 52110K, committed 52480K, reserved 1093632K
  class space    used 6903K, capacity 7308K, committed 7424K, reserved 1048576K
Event: 88.057 GC heap after
Heap after GC invocations=14 (full 3):
 PSYoungGen      total 276480K, used 6944K [0x00000000eab00000, 0x0000000100000000, 0x0000000100000000)
  eden space 251904K, 0% used [0x00000000eab00000,0x00000000eab00000,0x00000000fa100000)
  from space 24576K, 28% used [0x00000000fa100000,0x00000000fa7c8010,0x00000000fb900000)
  to   space 24064K, 0% used [0x00000000fe880000,0x00000000fe880000,0x0000000100000000)
 ParOldGen       total 80384K, used 34685K [0x00000000c0000000, 0x00000000c4e80000, 0x00000000eab00000)
  object space 80384K, 43% used [0x00000000c0000000,0x00000000c21df598,0x00000000c4e80000)
 Metaspace       used 50713K, capacity 52110K, committed 52480K, reserved 1093632K
  class space    used 6903K, capacity 7308K, committed 7424K, reserved 1048576K
}

